<?xml version="1.0" encoding="UTF-8"?>
<!-- Generated by org.testng.reporters.JUnitReportReporter -->
<testsuite hostname="LAPTOP-KOUGF16H" failures="0" tests="1" name="com.testCases.MakeAppointmentTest" time="0.278" errors="0" timestamp="2023-06-05T23:58:49 EDT" skipped="0">
  <testcase classname="com.testCases.MakeAppointmentTest" name="healthProgram" time="0.278"/>
  <system-out/>
</testsuite> <!-- com.testCases.MakeAppointmentTest -->
