<?xml version="1.0" encoding="UTF-8"?>
<!-- Generated by org.testng.reporters.JUnitReportReporter -->
<testsuite hostname="LAPTOP-KOUGF16H" failures="0" tests="1" name="com.testCases.LoginTest" time="1.336" errors="0" timestamp="2023-06-03T19:03:52 EDT" skipped="0">
  <testcase classname="com.testCases.LoginTest" name="verifyLoginAndPageDetails" time="1.336"/>
  <system-out/>
</testsuite> <!-- com.testCases.LoginTest -->
