<?xml version="1.0" encoding="UTF-8"?>
<!-- Generated by org.testng.reporters.JUnitReportReporter -->
<testsuite hostname="LAPTOP-KOUGF16H" failures="0" tests="3" name="com.testCases.MakeAppointmentTest" time="3.945" errors="0" timestamp="2023-06-12T23:27:27 EDT" skipped="0">
  <testcase classname="com.testCases.MakeAppointmentTest" name="makeAppointment" time="0.395"/>
  <system-out/>
  <testcase classname="com.testCases.MakeAppointmentTest" name="healthProgram" time="0.278"/>
  <system-out/>
  <testcase classname="com.testCases.MakeAppointmentTest" name="Select_Date" time="3.272"/>
  <system-out/>
</testsuite> <!-- com.testCases.MakeAppointmentTest -->
