<?xml version="1.0" encoding="UTF-8"?>
<!-- Generated by org.testng.reporters.JUnitReportReporter -->
<testsuite hostname="LAPTOP-KOUGF16H" failures="0" tests="4" name="com.testCases.ReadmissionTest" time="5.894" errors="0" timestamp="2023-06-12T23:19:05 EDT" skipped="0">
  <testcase classname="com.testCases.ReadmissionTest" name="ReAppointment" time="1.707"/>
  <system-out/>
  <testcase classname="com.testCases.ReadmissionTest" name="reAddmissionSelected" time="0.467"/>
  <system-out/>
  <testcase classname="com.testCases.ReadmissionTest" name="rehealthcare" time="0.347"/>
  <system-out/>
  <testcase classname="com.testCases.ReadmissionTest" name="DateSelect" time="3.373"/>
  <system-out/>
</testsuite> <!-- com.testCases.ReadmissionTest -->
