<?xml version="1.0" encoding="UTF-8"?>
<!-- Generated by org.testng.reporters.JUnitReportReporter -->
<testsuite hostname="LAPTOP-KOUGF16H" failures="0" tests="4" name="com.testCases.ReadmissionTest" time="4.904" errors="0" timestamp="2023-06-08T14:10:45 EDT" skipped="0">
  <testcase classname="com.testCases.ReadmissionTest" name="ReAppointment" time="1.493"/>
  <system-out/>
  <testcase classname="com.testCases.ReadmissionTest" name="reAddmissionSelected" time="0.271"/>
  <system-out/>
  <testcase classname="com.testCases.ReadmissionTest" name="rehealthcare" time="0.220"/>
  <system-out/>
  <testcase classname="com.testCases.ReadmissionTest" name="DateSelect" time="2.920"/>
  <system-out/>
</testsuite> <!-- com.testCases.ReadmissionTest -->
