<?xml version="1.0" encoding="UTF-8"?>
<!-- Generated by org.testng.reporters.JUnitReportReporter -->
<testsuite hostname="LAPTOP-KOUGF16H" failures="0" tests="4" name="com.testCases.NegativeTestCases" time="3.219" errors="0" timestamp="2023-06-12T23:24:53 EDT" skipped="0">
  <testcase classname="com.testCases.NegativeTestCases" name="InvalidLogin" time="0.832"/>
  <system-out/>
  <testcase classname="com.testCases.NegativeTestCases" name="InvalidLogin" time="0.708"/>
  <system-out/>
  <testcase classname="com.testCases.NegativeTestCases" name="InvalidLogin" time="0.934"/>
  <system-out/>
  <testcase classname="com.testCases.NegativeTestCases" name="InvalidLogin" time="0.745"/>
  <system-out/>
</testsuite> <!-- com.testCases.NegativeTestCases -->
